# JRE version: Java(TM) SE Runtime Environment (8.0_191-b12) (build 1.8.0_191-b12)
# Java VM: Java HotSpot(TM) 64-Bit Server VM (25.191-b12 mixed mode windows-amd64 compressed oops)
Heap:
 PSYoungGen      total 1512960K, used 931529K [0x0000000760000000, 0x00000007c0000000, 0x00000007c0000000)
  eden space 1453056K, 59% used [0x0000000760000000,0x0000000795336070,0x00000007b8b00000)
  from space 59904K, 99% used [0x00000007b8b00000,0x00000007bc57c558,0x00000007bc580000)
  to   space 59904K, 0% used [0x00000007bc580000,0x00000007bc580000,0x00000007c0000000)
 ParOldGen       total 270848K, used 144598K [0x00000006a0000000, 0x00000006b0880000, 0x0000000760000000)
  object space 270848K, 53% used [0x00000006a0000000,0x00000006a8d358d8,0x00000006b0880000)
 Metaspace       used 122756K, capacity 129978K, committed 130304K, reserved 1163264K
  class space    used 16027K, capacity 17304K, committed 17408K, reserved 1048576K
GC Heap History (10 events):
Event: 462.277 GC heap before
{Heap before GC invocations=45 (full 3):
 PSYoungGen      total 1552384K, used 1552364K [0x0000000760000000, 0x00000007c0000000, 0x00000007c0000000)
  eden space 1531904K, 100% used [0x0000000760000000,0x00000007bd800000,0x00000007bd800000)
  from space 20480K, 99% used [0x00000007bd800000,0x00000007bebfb050,0x00000007bec00000)
  to   space 20480K, 0% used [0x00000007bec00000,0x00000007bec00000,0x00000007c0000000)
 ParOldGen       total 165376K, used 75714K [0x00000006a0000000, 0x00000006aa180000, 0x0000000760000000)
  object space 165376K, 45% used [0x00000006a0000000,0x00000006a49f0898,0x00000006aa180000)
 Metaspace       used 93410K, capacity 98194K, committed 98304K, reserved 1134592K
  class space    used 12370K, capacity 13221K, committed 13312K, reserved 1048576K
Event: 462.317 GC heap after
Heap after GC invocations=45 (full 3):
 PSYoungGen      total 1509376K, used 20473K [0x0000000760000000, 0x00000007c0000000, 0x00000007c0000000)
  eden space 1488896K, 0% used [0x0000000760000000,0x0000000760000000,0x00000007bae00000)
  from space 20480K, 99% used [0x00000007bec00000,0x00000007bfffe7a0,0x00000007c0000000)
  to   space 41984K, 0% used [0x00000007bae00000,0x00000007bae00000,0x00000007bd700000)
 ParOldGen       total 165376K, used 84236K [0x00000006a0000000, 0x00000006aa180000, 0x0000000760000000)
  object space 165376K, 50% used [0x00000006a0000000,0x00000006a52433b0,0x00000006aa180000)
 Metaspace       used 93410K, capacity 98194K, committed 98304K, reserved 1134592K
  class space    used 12370K, capacity 13221K, committed 13312K, reserved 1048576K
}
Event: 470.045 GC heap before
{Heap before GC invocations=46 (full 3):
 PSYoungGen      total 1509376K, used 302565K [0x0000000760000000, 0x00000007c0000000, 0x00000007c0000000)
  eden space 1488896K, 18% used [0x0000000760000000,0x000000077137ae08,0x00000007bae00000)
  from space 20480K, 99% used [0x00000007bec00000,0x00000007bfffe7a0,0x00000007c0000000)
  to   space 41984K, 0% used [0x00000007bae00000,0x00000007bae00000,0x00000007bd700000)
 ParOldGen       total 165376K, used 84236K [0x00000006a0000000, 0x00000006aa180000, 0x0000000760000000)
  object space 165376K, 50% used [0x00000006a0000000,0x00000006a52433b0,0x00000006aa180000)
 Metaspace       used 93770K, capacity 98464K, committed 98560K, reserved 1134592K
  class space    used 12412K, capacity 13260K, committed 13312K, reserved 1048576K
Event: 470.073 GC heap after
Heap after GC invocations=46 (full 3):
 PSYoungGen      total 1518080K, used 28896K [0x0000000760000000, 0x00000007c0000000, 0x00000007c0000000)
  eden space 1488896K, 0% used [0x0000000760000000,0x0000000760000000,0x00000007bae00000)
  from space 29184K, 99% used [0x00000007bae00000,0x00000007bca381d0,0x00000007bca80000)
  to   space 44032K, 0% used [0x00000007bd500000,0x00000007bd500000,0x00000007c0000000)
 ParOldGen       total 165376K, used 84244K [0x00000006a0000000, 0x00000006aa180000, 0x0000000760000000)
  object space 165376K, 50% used [0x00000006a0000000,0x00000006a52453b0,0x00000006aa180000)
 Metaspace       used 93770K, capacity 98464K, committed 98560K, reserved 1134592K
  class space    used 12412K, capacity 13260K, committed 13312K, reserved 1048576K
}
Event: 470.073 GC heap before
{Heap before GC invocations=47 (full 4):
 PSYoungGen      total 1518080K, used 28896K [0x0000000760000000, 0x00000007c0000000, 0x00000007c0000000)
  eden space 1488896K, 0% used [0x0000000760000000,0x0000000760000000,0x00000007bae00000)
  from space 29184K, 99% used [0x00000007bae00000,0x00000007bca381d0,0x00000007bca80000)
  to   space 44032K, 0% used [0x00000007bd500000,0x00000007bd500000,0x00000007c0000000)
 ParOldGen       total 165376K, used 84244K [0x00000006a0000000, 0x00000006aa180000, 0x0000000760000000)
  object space 165376K, 50% used [0x00000006a0000000,0x00000006a52453b0,0x00000006aa180000)
 Metaspace       used 93770K, capacity 98464K, committed 98560K, reserved 1134592K
  class space    used 12412K, capacity 13260K, committed 13312K, reserved 1048576K
Event: 470.480 GC heap after
Heap after GC invocations=47 (full 4):
 PSYoungGen      total 1518080K, used 0K [0x0000000760000000, 0x00000007c0000000, 0x00000007c0000000)
  eden space 1488896K, 0% used [0x0000000760000000,0x0000000760000000,0x00000007bae00000)
  from space 29184K, 0% used [0x00000007bae00000,0x00000007bae00000,0x00000007bca80000)
  to   space 44032K, 0% used [0x00000007bd500000,0x00000007bd500000,0x00000007c0000000)
 ParOldGen       total 270848K, used 95804K [0x00000006a0000000, 0x00000006b0880000, 0x0000000760000000)
  object space 270848K, 35% used [0x00000006a0000000,0x00000006a5d8f2f0,0x00000006b0880000)
 Metaspace       used 93668K, capacity 98222K, committed 98560K, reserved 1134592K
  class space    used 12379K, capacity 13193K, committed 13312K, reserved 1048576K
}
Event: 904.966 GC heap before
{Heap before GC invocations=48 (full 4):
 PSYoungGen      total 1518080K, used 1488896K [0x0000000760000000, 0x00000007c0000000, 0x00000007c0000000)
  eden space 1488896K, 100% used [0x0000000760000000,0x00000007bae00000,0x00000007bae00000)
  from space 29184K, 0% used [0x00000007bae00000,0x00000007bae00000,0x00000007bca80000)
  to   space 44032K, 0% used [0x00000007bd500000,0x00000007bd500000,0x00000007c0000000)
 ParOldGen       total 270848K, used 95804K [0x00000006a0000000, 0x00000006b0880000, 0x0000000760000000)
  object space 270848K, 35% used [0x00000006a0000000,0x00000006a5d8f2f0,0x00000006b0880000)
 Metaspace       used 110655K, capacity 116302K, committed 116480K, reserved 1150976K
  class space    used 14529K, capacity 15560K, committed 15616K, reserved 1048576K
Event: 905.053 GC heap after
Heap after GC invocations=48 (full 4):
 PSYoungGen      total 1497088K, used 44004K [0x0000000760000000, 0x00000007c0000000, 0x00000007c0000000)
  eden space 1453056K, 0% used [0x0000000760000000,0x0000000760000000,0x00000007b8b00000)
  from space 44032K, 99% used [0x00000007bd500000,0x00000007bfff9218,0x00000007c0000000)
  to   space 59904K, 0% used [0x00000007b8b00000,0x00000007b8b00000,0x00000007bc580000)
 ParOldGen       total 270848K, used 118896K [0x00000006a0000000, 0x00000006b0880000, 0x0000000760000000)
  object space 270848K, 43% used [0x00000006a0000000,0x00000006a741c048,0x00000006b0880000)
 Metaspace       used 110655K, capacity 116302K, committed 116480K, reserved 1150976K
  class space    used 14529K, capacity 15560K, committed 15616K, reserved 1048576K
}
Event: 928.908 GC heap before
{Heap before GC invocations=49 (full 4):
 PSYoungGen      total 1497088K, used 1497060K [0x0000000760000000, 0x00000007c0000000, 0x00000007c0000000)
  eden space 1453056K, 100% used [0x0000000760000000,0x00000007b8b00000,0x00000007b8b00000)
  from space 44032K, 99% used [0x00000007bd500000,0x00000007bfff9218,0x00000007c0000000)
  to   space 59904K, 0% used [0x00000007b8b00000,0x00000007b8b00000,0x00000007bc580000)
 ParOldGen       total 270848K, used 118896K [0x00000006a0000000, 0x00000006b0880000, 0x0000000760000000)
  object space 270848K, 43% used [0x00000006a0000000,0x00000006a741c048,0x00000006b0880000)
 Metaspace       used 122656K, capacity 129866K, committed 130048K, reserved 1161216K
  class space    used 16021K, capacity 17298K, committed 17408K, reserved 1048576K
Event: 929.175 GC heap after
Heap after GC invocations=49 (full 4):
 PSYoungGen      total 1512960K, used 59889K [0x0000000760000000, 0x00000007c0000000, 0x00000007c0000000)
  eden space 1453056K, 0% used [0x0000000760000000,0x0000000760000000,0x00000007b8b00000)
  from space 59904K, 99% used [0x00000007b8b00000,0x00000007bc57c558,0x00000007bc580000)
  to   space 59904K, 0% used [0x00000007bc580000,0x00000007bc580000,0x00000007c0000000)
 ParOldGen       total 270848K, used 144598K [0x00000006a0000000, 0x00000006b0880000, 0x0000000760000000)
  object space 270848K, 53% used [0x00000006a0000000,0x00000006a8d358d8,0x00000006b0880000)
 Metaspace       used 122656K, capacity 129866K, committed 130048K, reserved 1161216K
  class space    used 16021K, capacity 17298K, committed 17408K, reserved 1048576K
}

